stayflow-customer-android-java/app/build/intermediates/manifest_merge_blame_file/debug/processDebugMainManifest/manifest-merger-blame-debug-report.txt
1<?xml version="1.0" encoding="utf-8"?>
2<manifest xmlns:android="http://schemas.android.com/apk/res/android"
3    package="com.stayflow.customer"
4    android:installLocation="auto"
5    android:versionCode="2"
6    android:versionName="1.1.0" >
7
8    <uses-sdk
9        android:minSdkVersion="24"
10        android:targetSdkVersion="35" />
11
12    <uses-permission android:name="android.permission.INTERNET" />
12-->src\main\AndroidManifest.xml:2:5-67
12-->src\main\AndroidManifest.xml:2:22-64
13
14    <permission
14-->[androidx.core:core:1.13.0] AndroidManifest.xml:22:5-24:47
15        android:name="com.stayflow.customer.DYNAMIC_RECEIVER_NOT_EXPORTED_PERMISSION"
15-->[androidx.core:core:1.13.0] AndroidManifest.xml:23:9-81
16        android:protectionLevel="signature" />
16-->[androidx.core:core:1.13.0] AndroidManifest.xml:24:9-44
17
18    <uses-permission android:name="com.stayflow.customer.DYNAMIC_RECEIVER_NOT_EXPORTED_PERMISSION" />
18-->[androidx.core:core:1.13.0] AndroidManifest.xml:26:5-97
18-->[androidx.core:core:1.13.0] AndroidManifest.xml:26:22-94
19
20    <application
20-->src\main\AndroidManifest.xml:3:5-19:19
21        android:allowBackup="false"
21-->src\main\AndroidManifest.xml:3:18-45
22        android:appComponentFactory="androidx.core.app.CoreComponentFactory"
22-->[androidx.core:core:1.13.0] AndroidManifest.xml:28:18-86
23        android:debuggable="true"
24        android:extractNativeLibs="false"
25        android:icon="@mipmap/ic_launcher"
25-->src\main\AndroidManifest.xml:3:145-179
26        android:label="StayFlow"
26-->src\main\AndroidManifest.xml:3:120-144
27        android:roundIcon="@mipmap/ic_launcher_round"
27-->src\main\AndroidManifest.xml:3:180-225
28        android:testOnly="true"
29        android:theme="@style/Theme.StayFlow"
29-->src\main\AndroidManifest.xml:3:82-119
30        android:usesCleartextTraffic="true" >
30-->src\main\AndroidManifest.xml:3:46-81
31        <activity android:name="com.stayflow.customer.ui.ProfileActivity" />
31-->src\main\AndroidManifest.xml:4:9-56
31-->src\main\AndroidManifest.xml:4:19-53
32        <activity android:name="com.stayflow.customer.ui.BookingsActivity" />
32-->src\main\AndroidManifest.xml:5:9-57
32-->src\main\AndroidManifest.xml:5:19-54
33        <activity android:name="com.stayflow.customer.ui.MainActivity" />
33-->src\main\AndroidManifest.xml:6:9-53
33-->src\main\AndroidManifest.xml:6:19-50
34        <activity android:name="com.stayflow.customer.ui.BookRoomActivity" />
34-->src\main\AndroidManifest.xml:7:9-57
34-->src\main\AndroidManifest.xml:7:19-54
35        <activity android:name="com.stayflow.customer.ui.HotelReviewsActivity" />
35-->src\main\AndroidManifest.xml:8:9-61
35-->src\main\AndroidManifest.xml:8:19-58
36        <activity android:name="com.stayflow.customer.ui.RoomsActivity" />
36-->src\main\AndroidManifest.xml:9:9-54
36-->src\main\AndroidManifest.xml:9:19-51
37        <activity android:name="com.stayflow.customer.ui.HotelsActivity" />
37-->src\main\AndroidManifest.xml:10:9-55
37-->src\main\AndroidManifest.xml:10:19-52
38        <activity android:name="com.stayflow.customer.ui.SignupActivity" />
38-->src\main\AndroidManifest.xml:11:9-55
38-->src\main\AndroidManifest.xml:11:19-52
39        <activity android:name="com.stayflow.customer.ui.ForgotPasswordActivity" />
39-->src\main\AndroidManifest.xml:12:9-63
39-->src\main\AndroidManifest.xml:12:19-60
40        <activity android:name="com.stayflow.customer.ui.LoginActivity" />
40-->src\main\AndroidManifest.xml:13:9-54
40-->src\main\AndroidManifest.xml:13:19-51
41        <activity
41-->src\main\AndroidManifest.xml:14:9-18:20
42            android:name="com.stayflow.customer.ui.SplashActivity"
42-->src\main\AndroidManifest.xml:14:19-52
43            android:exported="true"
43-->src\main\AndroidManifest.xml:14:53-76
44            android:theme="@style/Theme.StayFlow.Splash" >
44-->src\main\AndroidManifest.xml:14:77-121
45            <intent-filter>
45-->src\main\AndroidManifest.xml:15:13-17:29
46                <action android:name="android.intent.action.MAIN" />
46-->src\main\AndroidManifest.xml:16:17-68
46-->src\main\AndroidManifest.xml:16:25-66
47
48                <category android:name="android.intent.category.LAUNCHER" />
48-->src\main\AndroidManifest.xml:16:68-127
48-->src\main\AndroidManifest.xml:16:78-125
49            </intent-filter>
50        </activity>
51
52        <provider
52-->[androidx.emoji2:emoji2:1.3.0] AndroidManifest.xml:24:9-32:20
53            android:name="androidx.startup.InitializationProvider"
53-->[androidx.emoji2:emoji2:1.3.0] AndroidManifest.xml:25:13-67
54            android:authorities="com.stayflow.customer.androidx-startup"
54-->[androidx.emoji2:emoji2:1.3.0] AndroidManifest.xml:26:13-68
55            android:exported="false" >
55-->[androidx.emoji2:emoji2:1.3.0] AndroidManifest.xml:27:13-37
56            <meta-data
56-->[androidx.emoji2:emoji2:1.3.0] AndroidManifest.xml:29:13-31:52
57                android:name="androidx.emoji2.text.EmojiCompatInitializer"
57-->[androidx.emoji2:emoji2:1.3.0] AndroidManifest.xml:30:17-75
58                android:value="androidx.startup" />
58-->[androidx.emoji2:emoji2:1.3.0] AndroidManifest.xml:31:17-49
59            <meta-data
59-->[androidx.lifecycle:lifecycle-process:2.6.2] AndroidManifest.xml:29:13-31:52
60                android:name="androidx.lifecycle.ProcessLifecycleInitializer"
60-->[androidx.lifecycle:lifecycle-process:2.6.2] AndroidManifest.xml:30:17-78
61                android:value="androidx.startup" />
61-->[androidx.lifecycle:lifecycle-process:2.6.2] AndroidManifest.xml:31:17-49
62            <meta-data
62-->[androidx.profileinstaller:profileinstaller:1.4.0] AndroidManifest.xml:29:13-31:52
63                android:name="androidx.profileinstaller.ProfileInstallerInitializer"
63-->[androidx.profileinstaller:profileinstaller:1.4.0] AndroidManifest.xml:30:17-85
64                android:value="androidx.startup" />
64-->[androidx.profileinstaller:profileinstaller:1.4.0] AndroidManifest.xml:31:17-49
65        </provider>
66
67        <receiver
67-->[androidx.profileinstaller:profileinstaller:1.4.0] AndroidManifest.xml:34:9-52:20
68            android:name="androidx.profileinstaller.ProfileInstallReceiver"
68-->[androidx.profileinstaller:profileinstaller:1.4.0] AndroidManifest.xml:35:13-76
69            android:directBootAware="false"
69-->[androidx.profileinstaller:profileinstaller:1.4.0] AndroidManifest.xml:36:13-44
70            android:enabled="true"
70-->[androidx.profileinstaller:profileinstaller:1.4.0] AndroidManifest.xml:37:13-35
71            android:exported="true"
71-->[androidx.profileinstaller:profileinstaller:1.4.0] AndroidManifest.xml:38:13-36
72            android:permission="android.permission.DUMP" >
72-->[androidx.profileinstaller:profileinstaller:1.4.0] AndroidManifest.xml:39:13-57
73            <intent-filter>
73-->[androidx.profileinstaller:profileinstaller:1.4.0] AndroidManifest.xml:40:13-42:29
74                <action android:name="androidx.profileinstaller.action.INSTALL_PROFILE" />
74-->[androidx.profileinstaller:profileinstaller:1.4.0] AndroidManifest.xml:41:17-91
74-->[androidx.profileinstaller:profileinstaller:1.4.0] AndroidManifest.xml:41:25-88
75            </intent-filter>
76            <intent-filter>
76-->[androidx.profileinstaller:profileinstaller:1.4.0] AndroidManifest.xml:43:13-45:29
77                <action android:name="androidx.profileinstaller.action.SKIP_FILE" />
77-->[androidx.profileinstaller:profileinstaller:1.4.0] AndroidManifest.xml:44:17-85
77-->[androidx.profileinstaller:profileinstaller:1.4.0] AndroidManifest.xml:44:25-82
78            </intent-filter>
79            <intent-filter>
79-->[androidx.profileinstaller:profileinstaller:1.4.0] AndroidManifest.xml:46:13-48:29
80                <action android:name="androidx.profileinstaller.action.SAVE_PROFILE" />
80-->[androidx.profileinstaller:profileinstaller:1.4.0] AndroidManifest.xml:47:17-88
80-->[androidx.profileinstaller:profileinstaller:1.4.0] AndroidManifest.xml:47:25-85
81            </intent-filter>
82            <intent-filter>
82-->[androidx.profileinstaller:profileinstaller:1.4.0] AndroidManifest.xml:49:13-51:29
83                <action android:name="androidx.profileinstaller.action.BENCHMARK_OPERATION" />
83-->[androidx.profileinstaller:profileinstaller:1.4.0] AndroidManifest.xml:50:17-95
83-->[androidx.profileinstaller:profileinstaller:1.4.0] AndroidManifest.xml:50:25-92
84            </intent-filter>
85        </receiver>
86    </application>
87
88</manifest>